{"/home/alexandre/Documentos/workspace/jestjs/modulo1/index.js": {"path":"/home/alexandre/Documentos/workspace/jestjs/modulo1/index.js","statementMap":{"0":{"start":{"line":2,"column":0},"end":{"line":2,"column":46}},"1":{"start":{"line":2,"column":28},"end":{"line":2,"column":46}}},"fnMap":{"0":{"name":"(anonymous_0)","decl":{"start":{"line":2,"column":17},"end":{"line":2,"column":18}},"loc":{"start":{"line":2,"column":28},"end":{"line":2,"column":46}},"line":2}},"branchMap":{},"s":{"0":1,"1":3},"f":{"0":3},"b":{},"_coverageSchema":"1a1c01bbd47fc00a2c39e90264f33305004495a9","hash":"695c70b00ce338c2cad1a032c22b8e8e4ad06885"}
,"/home/alexandre/Documentos/workspace/jestjs/modulo1/person.js": {"path":"/home/alexandre/Documentos/workspace/jestjs/modulo1/person.js","statementMap":{"0":{"start":{"line":1,"column":0},"end":{"line":10,"column":1}},"1":{"start":{"line":6,"column":8},"end":{"line":6,"column":32}},"2":{"start":{"line":7,"column":8},"end":{"line":7,"column":26}},"3":{"start":{"line":8,"column":8},"end":{"line":8,"column":32}}},"fnMap":{"0":{"name":"(anonymous_0)","decl":{"start":{"line":5,"column":4},"end":{"line":5,"column":5}},"loc":{"start":{"line":5,"column":42},"end":{"line":9,"column":5}},"line":5}},"branchMap":{},"s":{"0":1,"1":2,"2":2,"3":2},"f":{"0":2},"b":{},"_coverageSchema":"1a1c01bbd47fc00a2c39e90264f33305004495a9","hash":"df3a76573497b871e1668fd573436efa241d9c8b"}
,"/home/alexandre/Documentos/workspace/jestjs/modulo2/grade.js": {"path":"/home/alexandre/Documentos/workspace/jestjs/modulo2/grade.js","statementMap":{"0":{"start":{"line":1,"column":0},"end":{"line":4,"column":4}},"1":{"start":{"line":2,"column":18},"end":{"line":2,"column":48}},"2":{"start":{"line":3,"column":4},"end":{"line":3,"column":24}}},"fnMap":{"0":{"name":"(anonymous_0)","decl":{"start":{"line":1,"column":17},"end":{"line":1,"column":18}},"loc":{"start":{"line":1,"column":45},"end":{"line":4,"column":3}},"line":1}},"branchMap":{},"s":{"0":1,"1":2,"2":2},"f":{"0":2},"b":{},"_coverageSchema":"1a1c01bbd47fc00a2c39e90264f33305004495a9","hash":"a1d05fed50d5b51c7131eededd6c5356bf474461"}
,"/home/alexandre/Documentos/workspace/jestjs/modulo2/person.js": {"path":"/home/alexandre/Documentos/workspace/jestjs/modulo2/person.js","statementMap":{"0":{"start":{"line":6,"column":6},"end":{"line":6,"column":31}},"1":{"start":{"line":7,"column":6},"end":{"line":7,"column":25}},"2":{"start":{"line":8,"column":6},"end":{"line":8,"column":31}},"3":{"start":{"line":16,"column":6},"end":{"line":16,"column":39}},"4":{"start":{"line":17,"column":6},"end":{"line":17,"column":27}},"5":{"start":{"line":24,"column":6},"end":{"line":24,"column":39}},"6":{"start":{"line":25,"column":6},"end":{"line":25,"column":29}},"7":{"start":{"line":29,"column":2},"end":{"line":29,"column":48}}},"fnMap":{"0":{"name":"(anonymous_0)","decl":{"start":{"line":5,"column":4},"end":{"line":5,"column":5}},"loc":{"start":{"line":5,"column":43},"end":{"line":9,"column":5}},"line":5},"1":{"name":"(anonymous_1)","decl":{"start":{"line":15,"column":4},"end":{"line":15,"column":5}},"loc":{"start":{"line":15,"column":51},"end":{"line":18,"column":5}},"line":15},"2":{"name":"(anonymous_2)","decl":{"start":{"line":23,"column":4},"end":{"line":23,"column":5}},"loc":{"start":{"line":23,"column":52},"end":{"line":26,"column":5}},"line":23}},"branchMap":{},"s":{"0":2,"1":2,"2":2,"3":1,"4":1,"5":1,"6":1,"7":1},"f":{"0":2,"1":1,"2":1},"b":{},"_coverageSchema":"1a1c01bbd47fc00a2c39e90264f33305004495a9","hash":"c6fceb2d6d5dffedb858390d82151377e8dc5923"}
,"/home/alexandre/Documentos/workspace/jestjs/modulo2/person_factory.js": {"path":"/home/alexandre/Documentos/workspace/jestjs/modulo2/person_factory.js","statementMap":{"0":{"start":{"line":1,"column":29},"end":{"line":1,"column":48}},"1":{"start":{"line":3,"column":0},"end":{"line":18,"column":2}},"2":{"start":{"line":5,"column":4},"end":{"line":7,"column":5}},"3":{"start":{"line":6,"column":6},"end":{"line":6,"column":18}},"4":{"start":{"line":9,"column":4},"end":{"line":16,"column":5}},"5":{"start":{"line":11,"column":8},"end":{"line":11,"column":30}},"6":{"start":{"line":13,"column":8},"end":{"line":13,"column":28}},"7":{"start":{"line":15,"column":8},"end":{"line":15,"column":20}}},"fnMap":{"0":{"name":"(anonymous_0)","decl":{"start":{"line":4,"column":2},"end":{"line":4,"column":3}},"loc":{"start":{"line":4,"column":18},"end":{"line":17,"column":3}},"line":4}},"branchMap":{"0":{"loc":{"start":{"line":5,"column":4},"end":{"line":7,"column":5}},"type":"if","locations":[{"start":{"line":5,"column":4},"end":{"line":7,"column":5}},{"start":{},"end":{}}],"line":5},"1":{"loc":{"start":{"line":9,"column":4},"end":{"line":16,"column":5}},"type":"switch","locations":[{"start":{"line":10,"column":6},"end":{"line":11,"column":30}},{"start":{"line":12,"column":6},"end":{"line":13,"column":28}},{"start":{"line":14,"column":6},"end":{"line":15,"column":20}}],"line":9}},"s":{"0":1,"1":1,"2":4,"3":1,"4":3,"5":1,"6":1,"7":1},"f":{"0":4},"b":{"0":[1,3],"1":[1,1,1]},"_coverageSchema":"1a1c01bbd47fc00a2c39e90264f33305004495a9","hash":"c7a4b45bb0458c6582b63fd44f4e07b2888fda2a"}
,"/home/alexandre/Documentos/workspace/jestjs/modulo2/product.js": {"path":"/home/alexandre/Documentos/workspace/jestjs/modulo2/product.js","statementMap":{"0":{"start":{"line":1,"column":0},"end":{"line":4,"column":1}}},"fnMap":{},"branchMap":{},"s":{"0":1},"f":{},"b":{},"_coverageSchema":"1a1c01bbd47fc00a2c39e90264f33305004495a9","hash":"a91eac4cfcde04923774d2529685e4ad20882c9c"}
,"/home/alexandre/Documentos/workspace/jestjs/modulo3/grade.js": {"path":"/home/alexandre/Documentos/workspace/jestjs/modulo3/grade.js","statementMap":{"0":{"start":{"line":1,"column":0},"end":{"line":3,"column":4}},"1":{"start":{"line":2,"column":4},"end":{"line":2,"column":52}}},"fnMap":{"0":{"name":"(anonymous_0)","decl":{"start":{"line":1,"column":17},"end":{"line":1,"column":18}},"loc":{"start":{"line":1,"column":45},"end":{"line":3,"column":3}},"line":1}},"branchMap":{},"s":{"0":1,"1":6},"f":{"0":6},"b":{},"_coverageSchema":"1a1c01bbd47fc00a2c39e90264f33305004495a9","hash":"5de95a5faca4e7f9c13df820a6e43cefbfd4384c"}
,"/home/alexandre/Documentos/workspace/jestjs/modulo3/users.js": {"path":"/home/alexandre/Documentos/workspace/jestjs/modulo3/users.js","statementMap":{"0":{"start":{"line":1,"column":0},"end":{"line":1,"column":45}}},"fnMap":{},"branchMap":{},"s":{"0":1},"f":{},"b":{},"_coverageSchema":"1a1c01bbd47fc00a2c39e90264f33305004495a9","hash":"3a050500da4ac66a7735e0b1b63891229e07e079"}
,"/home/alexandre/Documentos/workspace/jestjs/modulo4/users.js": {"path":"/home/alexandre/Documentos/workspace/jestjs/modulo4/users.js","statementMap":{"0":{"start":{"line":1,"column":0},"end":{"line":1,"column":45}}},"fnMap":{},"branchMap":{},"s":{"0":1},"f":{},"b":{},"_coverageSchema":"1a1c01bbd47fc00a2c39e90264f33305004495a9","hash":"6d1582232857cc6d810a68f6b4c637ba7fb6415a"}
,"/home/alexandre/Documentos/workspace/jestjs/modulo5/division.js": {"path":"/home/alexandre/Documentos/workspace/jestjs/modulo5/division.js","statementMap":{"0":{"start":{"line":1,"column":0},"end":{"line":6,"column":4}},"1":{"start":{"line":2,"column":4},"end":{"line":4,"column":5}},"2":{"start":{"line":3,"column":6},"end":{"line":3,"column":53}},"3":{"start":{"line":5,"column":4},"end":{"line":5,"column":30}}},"fnMap":{"0":{"name":"(anonymous_0)","decl":{"start":{"line":1,"column":17},"end":{"line":1,"column":18}},"loc":{"start":{"line":1,"column":40},"end":{"line":6,"column":3}},"line":1}},"branchMap":{"0":{"loc":{"start":{"line":2,"column":4},"end":{"line":4,"column":5}},"type":"if","locations":[{"start":{"line":2,"column":4},"end":{"line":4,"column":5}},{"start":{},"end":{}}],"line":2}},"s":{"0":1,"1":2,"2":1,"3":1},"f":{"0":2},"b":{"0":[1,1]},"_coverageSchema":"1a1c01bbd47fc00a2c39e90264f33305004495a9","hash":"4b02a14723a7fc2dd9c189a20da0c446f354ed73"}
,"/home/alexandre/Documentos/workspace/jestjs/modulo6/grade.js": {"path":"/home/alexandre/Documentos/workspace/jestjs/modulo6/grade.js","statementMap":{"0":{"start":{"line":1,"column":0},"end":{"line":3,"column":4}},"1":{"start":{"line":2,"column":4},"end":{"line":2,"column":42}}},"fnMap":{"0":{"name":"(anonymous_0)","decl":{"start":{"line":1,"column":17},"end":{"line":1,"column":18}},"loc":{"start":{"line":1,"column":45},"end":{"line":3,"column":3}},"line":1}},"branchMap":{},"s":{"0":1,"1":2},"f":{"0":2},"b":{},"_coverageSchema":"1a1c01bbd47fc00a2c39e90264f33305004495a9","hash":"938dd8a3c2f85fd0ca79d8c82676bdf585078ae7"}
}
